[0m12:05:25.478551 [debug] [MainThread]: Sending event: {'category': 'dbt', 'action': 'invocation', 'label': 'start', 'context': [<snowplow_tracker.self_describing_json.SelfDescribingJson object at 0x7e6c250aa420>, <snowplow_tracker.self_describing_json.SelfDescribingJson object at 0x7e6c24f5c1a0>, <snowplow_tracker.self_describing_json.SelfDescribingJson object at 0x7e6c2656bc20>]}


============================== 12:05:25.532116 | 792e70f7-de34-46f0-9373-248617bc26aa ==============================
[0m12:05:25.532116 [info ] [MainThread]: Running with dbt=1.11.6
[0m12:05:25.537200 [debug] [MainThread]: running dbt with arguments {'log_format': 'default', 'version_check': 'True', 'target_path': 'None', 'cache_selected_only': 'False', 'debug': 'False', 'fail_fast': 'False', 'log_cache_events': 'False', 'use_experimental_parser': 'False', 'introspect': 'True', 'printer_width': '80', 'quiet': 'False', 'log_path': 'logs', 'profiles_dir': '/home/nada/.dbt', 'partial_parse': 'True', 'invocation_command': 'dbt init', 'warn_error_options': 'WarnErrorOptionsV2(error=[], warn=[], silence=[])', 'write_json': 'True', 'send_anonymous_usage_stats': 'True', 'empty': 'None', 'indirect_selection': 'eager', 'use_colors': 'True', 'warn_error': 'None', 'static_parser': 'True', 'no_print': 'None'}
[0m12:05:26.286127 [info ] [MainThread]: Creating dbt configuration folder at /home/nada/.dbt
[0m12:05:36.814980 [debug] [MainThread]: Starter project path: /mnt/c/Users/Nada/Documents/IMT/A2/DATA_ENG/data_eng_foundations/ELT_WITH_DBT/ELT-Pipeline/.venv/lib/python3.12/site-packages/dbt/include/starter_project
[0m12:05:37.957737 [info ] [MainThread]: 
Your new dbt project "github_analytics" was created!

For more information on how to configure the profiles.yml file,
please consult the dbt documentation here:

  https://docs.getdbt.com/docs/configure-your-profile

One more thing:

Need help? Don't hesitate to reach out to us via GitHub issues or on Slack:

  https://community.getdbt.com/

Happy modeling!

[0m12:05:37.961362 [info ] [MainThread]: Setting up your profile.
[0m12:06:16.875183 [info ] [MainThread]: Profile github_analytics written to /home/nada/.dbt/profiles.yml using target's sample configuration. Once updated, you'll be able to start developing with dbt.
[0m12:06:16.893870 [debug] [MainThread]: Resource report: {"command_name": "init", "command_success": true, "command_wall_clock_time": 51.572487, "process_in_blocks": "81720", "process_kernel_time": 2.47174, "process_mem_max_rss": "125704", "process_out_blocks": "8", "process_user_time": 2.895695}
[0m12:06:16.896887 [debug] [MainThread]: Command `dbt init` succeeded at 12:06:16.896662 after 51.58 seconds
[0m12:06:16.899538 [debug] [MainThread]: Sending event: {'category': 'dbt', 'action': 'invocation', 'label': 'end', 'context': [<snowplow_tracker.self_describing_json.SelfDescribingJson object at 0x7e6c2506b800>, <snowplow_tracker.self_describing_json.SelfDescribingJson object at 0x7e6c24bab7d0>, <snowplow_tracker.self_describing_json.SelfDescribingJson object at 0x7e6c242a6120>]}
[0m12:06:16.902336 [debug] [MainThread]: Flushing usage events
[0m12:06:17.836145 [debug] [MainThread]: An error was encountered while trying to flush usage events
[0m14:46:10.288869 [debug] [MainThread]: Sending event: {'category': 'dbt', 'action': 'invocation', 'label': 'start', 'context': [<snowplow_tracker.self_describing_json.SelfDescribingJson object at 0x71800689eba0>, <snowplow_tracker.self_describing_json.SelfDescribingJson object at 0x718008f1e960>, <snowplow_tracker.self_describing_json.SelfDescribingJson object at 0x718006f4b440>]}


============================== 14:46:10.330868 | 7e609b94-7cad-4b64-83ef-1bef080579fc ==============================
[0m14:46:10.330868 [info ] [MainThread]: Running with dbt=1.11.6
[0m14:46:10.334216 [debug] [MainThread]: running dbt with arguments {'empty': 'None', 'write_json': 'True', 'cache_selected_only': 'False', 'invocation_command': 'dbt show --inline select count(*) as nb from bronze.raw_repositories', 'log_path': 'logs', 'static_parser': 'True', 'no_print': 'None', 'send_anonymous_usage_stats': 'True', 'log_format': 'default', 'warn_error': 'None', 'introspect': 'True', 'indirect_selection': 'eager', 'use_colors': 'True', 'log_cache_events': 'False', 'fail_fast': 'False', 'version_check': 'True', 'printer_width': '80', 'profiles_dir': '/home/elakiwala/.dbt', 'quiet': 'False', 'debug': 'False', 'warn_error_options': 'WarnErrorOptionsV2(error=[], warn=[], silence=[])', 'partial_parse': 'True', 'use_experimental_parser': 'False', 'target_path': 'None'}
[0m14:46:10.338456 [error] [MainThread]: Encountered an error:
Runtime Error
  No dbt_project.yml found at expected path /mnt/c/Users/pc/Documents/GitHub/ELT-Pipeline/dbt_project.yml
  Verify that each entry within packages.yml (and their transitive dependencies) contains a file named dbt_project.yml
  
[0m14:46:10.348857 [debug] [MainThread]: Resource report: {"command_name": "show", "command_success": false, "command_wall_clock_time": 0.19542353, "process_in_blocks": "28792", "process_kernel_time": 3.109736, "process_mem_max_rss": "97848", "process_out_blocks": "0", "process_user_time": 5.006137}
[0m14:46:10.351916 [debug] [MainThread]: Command `dbt show` failed at 14:46:10.351653 after 0.20 seconds
[0m14:46:10.354579 [debug] [MainThread]: Sending event: {'category': 'dbt', 'action': 'invocation', 'label': 'end', 'context': [<snowplow_tracker.self_describing_json.SelfDescribingJson object at 0x718006b44b30>, <snowplow_tracker.self_describing_json.SelfDescribingJson object at 0x7180076789b0>, <snowplow_tracker.self_describing_json.SelfDescribingJson object at 0x718006a42930>]}
[0m14:46:10.357670 [debug] [MainThread]: Flushing usage events
[0m14:46:11.622625 [debug] [MainThread]: An error was encountered while trying to flush usage events
